c:\users\user\desktop\repo\penciltorch\arshin\arshin\debug\arshin.myform.resources
h:\cpp\projects\arshin\arshin\debug\arshin.myform.resources
c:\users\user\desktop\repo\penciltorch\arshin\arshin\debug\vc142.pdb
c:\users\user\desktop\repo\penciltorch\arshin\arshin\debug\.netframework,version=v4.6.1.assemblyattributes.obj
c:\users\user\desktop\repo\penciltorch\arshin\arshin\debug\myform.obj
h:\cpp\projects\arshin\arshin\debug\vc142.pdb
h:\cpp\projects\arshin\arshin\debug\.netframework,version=v4.6.1.assemblyattributes.obj
h:\cpp\projects\arshin\arshin\debug\myform.obj
c:\users\user\desktop\repo\penciltorch\arshin\debug\arshin.exe
c:\users\user\desktop\repo\penciltorch\arshin\debug\arshin.pdb
h:\cpp\projects\arshin\debug\arshin.exe
h:\cpp\projects\arshin\debug\arshin.pdb
h:\cpp\projects\arshin\arshin\debug\arshin.tlog\arshin.write.1u.tlog
h:\cpp\projects\arshin\arshin\debug\arshin.tlog\cl.command.1.tlog
h:\cpp\projects\arshin\arshin\debug\arshin.tlog\cl.read.1.tlog
h:\cpp\projects\arshin\arshin\debug\arshin.tlog\cl.write.1.tlog
h:\cpp\projects\arshin\arshin\debug\arshin.tlog\link.command.1.tlog
h:\cpp\projects\arshin\arshin\debug\arshin.tlog\link.read.1.tlog
h:\cpp\projects\arshin\arshin\debug\arshin.tlog\link.write.1.tlog
h:\cpp\projects\arshin\arshin\debug\arshin.tlog\metagen.read.1.tlog
h:\cpp\projects\arshin\arshin\debug\arshin.tlog\metagen.write.1.tlog
